  Using 'git status' to determine working set for adaptive non-unity build.
  Creating makefile for SwordEditor (no existing makefile)
  Performing full C++ include scan (no include cache file)
  Parsing headers for SwordEditor
    Running UnrealHeaderTool "E:\Sword\Sword.uproject" "E:\Sword\Intermediate\Build\Win64\SwordEditor\Development\SwordEditor.uhtmanifest" -LogCmds="loginit warning, logexit warning, logdatabase error" -Unattended -WarningsAsErrors -installed
  Reflection code generated for SwordEditor in 7.4642767 seconds
  Performing 16 actions (4 in parallel)
  Sword.cpp
  AnimDataAsset.cpp
  CustomData.cpp
  AnimDataAsset.gen.cpp
  SwordAnimInstance.cpp
  SwordCharacter.cpp
  SwordGameMode.cpp
  TrackCollisionComponent.cpp
  CustomData.gen.cpp
  Sword.init.gen.cpp
  SwordAnimInstance.gen.cpp
  SwordCharacter.gen.cpp
  SwordGameMode.gen.cpp
  TrackCollisionComponent.gen.cpp
  [15/16] Link UE4Editor-Sword.dll
  [16/16] Link UE4Editor-Sword.lib
    正在创建库 E:\Sword\Intermediate\Build\Win64\UE4Editor\Development\UE4Editor-Sword.lib 和对象 E:\Sword\Intermediate\Build\Win64\UE4Editor\Development\UE4Editor-Sword.exp
    正在创建库 E:\Sword\Intermediate\Build\Win64\UE4Editor\Development\UE4Editor-Sword.suppressed.lib 和对象 E:\Sword\Intermediate\Build\Win64\UE4Editor\Development\UE4Editor-Sword.suppressed.exp
  Deploying SwordEditor Win64 Development...
  Total build time: 39.08 seconds (Local executor: 25.49 seconds)
